[debug] [2022-12-15T20:21:23.895Z] ----------------------------------------------------------------------
[debug] [2022-12-15T20:21:23.898Z] Command:       C:\Program Files\nodejs\node.exe C:\Users\pilar\AppData\Roaming\npm\node_modules\firebase-tools\lib\bin\firebase.js init
[debug] [2022-12-15T20:21:23.899Z] CLI Version:   11.18.0
[debug] [2022-12-15T20:21:23.899Z] Platform:      win32
[debug] [2022-12-15T20:21:23.899Z] Node Version:  v16.17.1
[debug] [2022-12-15T20:21:23.900Z] Time:          Thu Dec 15 2022 17:21:23 GMT-0300 (hora de verano de Chile)
[debug] [2022-12-15T20:21:23.901Z] ----------------------------------------------------------------------
[debug] 
[debug] [2022-12-15T20:21:23.990Z] Object ".remoteconfig" in "firebase.json" is missing required property: {"missingProperty":"template"}
[debug] [2022-12-15T20:21:23.995Z] > command requires scopes: ["email","openid","https://www.googleapis.com/auth/cloudplatformprojects.readonly","https://www.googleapis.com/auth/firebase","https://www.googleapis.com/auth/cloud-platform"]
[debug] [2022-12-15T20:21:23.995Z] > authorizing via signed-in user (pib.munoz@gmail.com)
[debug] [2022-12-15T20:21:23.997Z] Object ".remoteconfig" in "firebase.json" is missing required property: {"missingProperty":"template"}
[info] 
     ######## #### ########  ######## ########     ###     ######  ########
     ##        ##  ##     ## ##       ##     ##  ##   ##  ##       ##
     ######    ##  ########  ######   ########  #########  ######  ######
     ##        ##  ##    ##  ##       ##     ## ##     ##       ## ##
     ##       #### ##     ## ######## ########  ##     ##  ######  ########

You're about to initialize a Firebase project in this directory:

  C:\Users\pilar\OneDrive\Escritorio\DEV001-social-network-SN01

Before we get started, keep in mind:

  * You are initializing within an existing Firebase project directory

